composeApp/build/intermediates/manifest_merge_blame_file/debug/processDebugMainManifest/manifest-merger-blame-debug-report.txt
1<?xml version="1.0" encoding="utf-8"?>
2<manifest xmlns:android="http://schemas.android.com/apk/res/android"
3    package="org.example.sweetea"
4    android:versionCode="1"
5    android:versionName="1.0" >
6
7    <uses-sdk
8        android:minSdkVersion="24"
9        android:targetSdkVersion="34" />
10
11    <queries>
11-->[com.amplifyframework:aws-auth-cognito:2.16.0] AndroidManifest.xml:23:5-32:15
12        <intent>
12-->[com.amplifyframework:aws-auth-cognito:2.16.0] AndroidManifest.xml:24:9-28:18
13            <action android:name="android.intent.action.VIEW" />
13-->[com.amplifyframework:aws-auth-cognito:2.16.0] AndroidManifest.xml:25:13-65
13-->[com.amplifyframework:aws-auth-cognito:2.16.0] AndroidManifest.xml:25:21-62
14
15            <data android:scheme="https" />
15-->[com.amplifyframework:aws-auth-cognito:2.16.0] AndroidManifest.xml:27:13-44
15-->[com.amplifyframework:aws-auth-cognito:2.16.0] AndroidManifest.xml:27:19-41
16        </intent>
17        <intent>
17-->[com.amplifyframework:aws-auth-cognito:2.16.0] AndroidManifest.xml:29:9-31:18
18            <action android:name="android.support.customtabs.action.CustomTabsService" />
18-->[com.amplifyframework:aws-auth-cognito:2.16.0] AndroidManifest.xml:30:13-90
18-->[com.amplifyframework:aws-auth-cognito:2.16.0] AndroidManifest.xml:30:21-87
19        </intent>
20    </queries>
21
22    <uses-permission android:name="android.permission.INTERNET" />
22-->[com.amplifyframework:core:2.16.0] AndroidManifest.xml:23:5-67
22-->[com.amplifyframework:core:2.16.0] AndroidManifest.xml:23:22-64
23
24    <permission
24-->[androidx.core:core:1.13.1] AndroidManifest.xml:22:5-24:47
25        android:name="org.example.sweetea.DYNAMIC_RECEIVER_NOT_EXPORTED_PERMISSION"
25-->[androidx.core:core:1.13.1] AndroidManifest.xml:23:9-81
26        android:protectionLevel="signature" />
26-->[androidx.core:core:1.13.1] AndroidManifest.xml:24:9-44
27
28    <uses-permission android:name="org.example.sweetea.DYNAMIC_RECEIVER_NOT_EXPORTED_PERMISSION" />
28-->[androidx.core:core:1.13.1] AndroidManifest.xml:26:5-97
28-->[androidx.core:core:1.13.1] AndroidManifest.xml:26:22-94
29
30    <application
30-->src\androidMain\AndroidManifest.xml:4:5-21:19
31        android:allowBackup="true"
31-->src\androidMain\AndroidManifest.xml:5:9-35
32        android:appComponentFactory="androidx.core.app.CoreComponentFactory"
32-->[androidx.core:core:1.13.1] AndroidManifest.xml:28:18-86
33        android:debuggable="true"
34        android:extractNativeLibs="false"
35        android:icon="@mipmap/ic_launcher"
35-->src\androidMain\AndroidManifest.xml:6:9-43
36        android:label="@string/app_name"
36-->src\androidMain\AndroidManifest.xml:7:9-41
37        android:roundIcon="@mipmap/ic_launcher_round"
37-->src\androidMain\AndroidManifest.xml:8:9-54
38        android:supportsRtl="true"
38-->src\androidMain\AndroidManifest.xml:9:9-35
39        android:testOnly="true"
40        android:theme="@android:style/Theme.Material.Light.NoActionBar" >
40-->src\androidMain\AndroidManifest.xml:10:9-72
41        <activity
41-->src\androidMain\AndroidManifest.xml:11:9-20:20
42            android:name="org.example.sweetea.MainActivity"
42-->src\androidMain\AndroidManifest.xml:14:13-41
43            android:configChanges="orientation|screenSize|screenLayout|keyboardHidden|mnc|colorMode|density|fontScale|fontWeightAdjustment|keyboard|layoutDirection|locale|mcc|navigation|smallestScreenSize|touchscreen|uiMode"
43-->src\androidMain\AndroidManifest.xml:13:13-225
44            android:exported="true" >
44-->src\androidMain\AndroidManifest.xml:12:13-36
45            <intent-filter>
45-->src\androidMain\AndroidManifest.xml:15:13-19:29
46                <action android:name="android.intent.action.MAIN" />
46-->src\androidMain\AndroidManifest.xml:16:17-69
46-->src\androidMain\AndroidManifest.xml:16:25-66
47
48                <category android:name="android.intent.category.LAUNCHER" />
48-->src\androidMain\AndroidManifest.xml:18:17-77
48-->src\androidMain\AndroidManifest.xml:18:27-74
49            </intent-filter>
50        </activity>
51        <activity
51-->[com.amplifyframework:aws-auth-cognito:2.16.0] AndroidManifest.xml:35:9-39:75
52            android:name="com.amplifyframework.auth.cognito.activities.CustomTabsManagerActivity"
52-->[com.amplifyframework:aws-auth-cognito:2.16.0] AndroidManifest.xml:36:13-98
53            android:exported="false"
53-->[com.amplifyframework:aws-auth-cognito:2.16.0] AndroidManifest.xml:37:13-37
54            android:launchMode="singleTask"
54-->[com.amplifyframework:aws-auth-cognito:2.16.0] AndroidManifest.xml:38:13-44
55            android:theme="@android:style/Theme.Translucent.NoTitleBar" />
55-->[com.amplifyframework:aws-auth-cognito:2.16.0] AndroidManifest.xml:39:13-72
56        <activity
56-->[com.amplifyframework:core:2.16.0] AndroidManifest.xml:26:9-28:54
57            android:name="com.amplifyframework.devmenu.DeveloperMenuActivity"
57-->[com.amplifyframework:core:2.16.0] AndroidManifest.xml:27:13-78
58            android:theme="@style/OverlayActivity" />
58-->[com.amplifyframework:core:2.16.0] AndroidManifest.xml:28:13-51
59        <activity
59-->[androidx.compose.ui:ui-tooling-android:1.7.5] AndroidManifest.xml:23:9-25:39
60            android:name="androidx.compose.ui.tooling.PreviewActivity"
60-->[androidx.compose.ui:ui-tooling-android:1.7.5] AndroidManifest.xml:24:13-71
61            android:exported="true" />
61-->[androidx.compose.ui:ui-tooling-android:1.7.5] AndroidManifest.xml:25:13-36
62
63        <provider
63-->[androidx.emoji2:emoji2:1.3.0] AndroidManifest.xml:24:9-32:20
64            android:name="androidx.startup.InitializationProvider"
64-->[androidx.emoji2:emoji2:1.3.0] AndroidManifest.xml:25:13-67
65            android:authorities="org.example.sweetea.androidx-startup"
65-->[androidx.emoji2:emoji2:1.3.0] AndroidManifest.xml:26:13-68
66            android:exported="false" >
66-->[androidx.emoji2:emoji2:1.3.0] AndroidManifest.xml:27:13-37
67            <meta-data
67-->[androidx.emoji2:emoji2:1.3.0] AndroidManifest.xml:29:13-31:52
68                android:name="androidx.emoji2.text.EmojiCompatInitializer"
68-->[androidx.emoji2:emoji2:1.3.0] AndroidManifest.xml:30:17-75
69                android:value="androidx.startup" />
69-->[androidx.emoji2:emoji2:1.3.0] AndroidManifest.xml:31:17-49
70            <meta-data
70-->[androidx.lifecycle:lifecycle-process:2.8.4] AndroidManifest.xml:29:13-31:52
71                android:name="androidx.lifecycle.ProcessLifecycleInitializer"
71-->[androidx.lifecycle:lifecycle-process:2.8.4] AndroidManifest.xml:30:17-78
72                android:value="androidx.startup" />
72-->[androidx.lifecycle:lifecycle-process:2.8.4] AndroidManifest.xml:31:17-49
73            <meta-data
73-->[androidx.profileinstaller:profileinstaller:1.3.1] AndroidManifest.xml:29:13-31:52
74                android:name="androidx.profileinstaller.ProfileInstallerInitializer"
74-->[androidx.profileinstaller:profileinstaller:1.3.1] AndroidManifest.xml:30:17-85
75                android:value="androidx.startup" />
75-->[androidx.profileinstaller:profileinstaller:1.3.1] AndroidManifest.xml:31:17-49
76        </provider>
77
78        <uses-library
78-->[androidx.window:window:1.0.0] AndroidManifest.xml:25:9-27:40
79            android:name="androidx.window.extensions"
79-->[androidx.window:window:1.0.0] AndroidManifest.xml:26:13-54
80            android:required="false" />
80-->[androidx.window:window:1.0.0] AndroidManifest.xml:27:13-37
81        <uses-library
81-->[androidx.window:window:1.0.0] AndroidManifest.xml:28:9-30:40
82            android:name="androidx.window.sidecar"
82-->[androidx.window:window:1.0.0] AndroidManifest.xml:29:13-51
83            android:required="false" />
83-->[androidx.window:window:1.0.0] AndroidManifest.xml:30:13-37
84
85        <receiver
85-->[androidx.profileinstaller:profileinstaller:1.3.1] AndroidManifest.xml:34:9-52:20
86            android:name="androidx.profileinstaller.ProfileInstallReceiver"
86-->[androidx.profileinstaller:profileinstaller:1.3.1] AndroidManifest.xml:35:13-76
87            android:directBootAware="false"
87-->[androidx.profileinstaller:profileinstaller:1.3.1] AndroidManifest.xml:36:13-44
88            android:enabled="true"
88-->[androidx.profileinstaller:profileinstaller:1.3.1] AndroidManifest.xml:37:13-35
89            android:exported="true"
89-->[androidx.profileinstaller:profileinstaller:1.3.1] AndroidManifest.xml:38:13-36
90            android:permission="android.permission.DUMP" >
90-->[androidx.profileinstaller:profileinstaller:1.3.1] AndroidManifest.xml:39:13-57
91            <intent-filter>
91-->[androidx.profileinstaller:profileinstaller:1.3.1] AndroidManifest.xml:40:13-42:29
92                <action android:name="androidx.profileinstaller.action.INSTALL_PROFILE" />
92-->[androidx.profileinstaller:profileinstaller:1.3.1] AndroidManifest.xml:41:17-91
92-->[androidx.profileinstaller:profileinstaller:1.3.1] AndroidManifest.xml:41:25-88
93            </intent-filter>
94            <intent-filter>
94-->[androidx.profileinstaller:profileinstaller:1.3.1] AndroidManifest.xml:43:13-45:29
95                <action android:name="androidx.profileinstaller.action.SKIP_FILE" />
95-->[androidx.profileinstaller:profileinstaller:1.3.1] AndroidManifest.xml:44:17-85
95-->[androidx.profileinstaller:profileinstaller:1.3.1] AndroidManifest.xml:44:25-82
96            </intent-filter>
97            <intent-filter>
97-->[androidx.profileinstaller:profileinstaller:1.3.1] AndroidManifest.xml:46:13-48:29
98                <action android:name="androidx.profileinstaller.action.SAVE_PROFILE" />
98-->[androidx.profileinstaller:profileinstaller:1.3.1] AndroidManifest.xml:47:17-88
98-->[androidx.profileinstaller:profileinstaller:1.3.1] AndroidManifest.xml:47:25-85
99            </intent-filter>
100            <intent-filter>
100-->[androidx.profileinstaller:profileinstaller:1.3.1] AndroidManifest.xml:49:13-51:29
101                <action android:name="androidx.profileinstaller.action.BENCHMARK_OPERATION" />
101-->[androidx.profileinstaller:profileinstaller:1.3.1] AndroidManifest.xml:50:17-95
101-->[androidx.profileinstaller:profileinstaller:1.3.1] AndroidManifest.xml:50:25-92
102            </intent-filter>
103        </receiver>
104    </application>
105
106</manifest>